{"C:\\Users\\cti111123\\Desktop\\jest-testing\\sum.cjs": {"path":"C:\\Users\\cti111123\\Desktop\\jest-testing\\sum.cjs","statementMap":{"0":{"start":{"line":1,"column":14},"end":{"line":1,"column":30}},"1":{"start":{"line":32,"column":20},"end":{"line":32,"column":35}},"2":{"start":{"line":32,"column":30},"end":{"line":32,"column":35}},"3":{"start":{"line":37,"column":0},"end":{"line":37,"column":30}}},"fnMap":{"0":{"name":"(anonymous_0)","decl":{"start":{"line":32,"column":20},"end":{"line":32,"column":21}},"loc":{"start":{"line":32,"column":30},"end":{"line":32,"column":35}},"line":32}},"branchMap":{},"s":{"0":1,"1":1,"2":7,"3":1},"f":{"0":7},"b":{},"inputSourceMap":null,"_coverageSchema":"1a1c01bbd47fc00a2c39e90264f33305004495a9","hash":"e21b6be8ac13f048b4a3cdf48824764eef99301b"}
}
